This is pdfTeX, Version 3.1415926-1.40.10 (TeX Live 2009/Debian) (format=latex 2014.3.25)  19 SEP 2016 07:38
entering extended mode
 %&-line parsing enabled.
**simguide
(./simguide.tex
LaTeX2e <2009/09/24>
Babel <v3.8l> and hyphenation patterns for english, usenglishmax, dumylang, noh
yphenation, loaded.
(/usr/share/texmf-texlive/tex/latex/base/article.cls
Document Class: article 2007/10/19 v1.4h Standard LaTeX document class
(/usr/share/texmf-texlive/tex/latex/base/size11.clo
File: size11.clo 2007/10/19 v1.4h Standard LaTeX file (size option)
)
\c@part=\count79
\c@section=\count80
\c@subsection=\count81
\c@subsubsection=\count82
\c@paragraph=\count83
\c@subparagraph=\count84
\c@figure=\count85
\c@table=\count86
\abovecaptionskip=\skip41
\belowcaptionskip=\skip42
\bibindent=\dimen102
)
(/usr/share/texmf-texlive/tex/latex/psnfss/times.sty
Package: times 2005/04/12 PSNFSS-v9.2a (SPQR) 
)
(/usr/share/texmf-texlive/tex/latex/base/alltt.sty
Package: alltt 1997/06/16 v2.0g defines alltt environment
)
(/usr/share/texmf-texlive/tex/latex/graphics/graphicx.sty
Package: graphicx 1999/02/16 v1.0f Enhanced LaTeX Graphics (DPC,SPQR)

(/usr/share/texmf-texlive/tex/latex/graphics/keyval.sty
Package: keyval 1999/03/16 v1.13 key=value parser (DPC)
\KV@toks@=\toks14
)
(/usr/share/texmf-texlive/tex/latex/graphics/graphics.sty
Package: graphics 2009/02/05 v1.0o Standard LaTeX Graphics (DPC,SPQR)

(/usr/share/texmf-texlive/tex/latex/graphics/trig.sty
Package: trig 1999/03/16 v1.09 sin cos tan (DPC)
)
(/etc/texmf/tex/latex/config/graphics.cfg
File: graphics.cfg 2009/08/28 v1.8 graphics configuration of TeX Live
)
Package graphics Info: Driver file: dvips.def on input line 91.

(/usr/share/texmf-texlive/tex/latex/graphics/dvips.def
File: dvips.def 1999/02/16 v3.0i Driver-dependant file (DPC,SPQR)
))
\Gin@req@height=\dimen103
\Gin@req@width=\dimen104
)
(/usr/share/texmf-texlive/tex/latex/graphics/color.sty
Package: color 2005/11/14 v1.0j Standard LaTeX Color (DPC)

(/etc/texmf/tex/latex/config/color.cfg
File: color.cfg 2007/01/18 v1.5 color configuration of teTeX/TeXLive
)
Package color Info: Driver file: dvips.def on input line 130.

(/usr/share/texmf-texlive/tex/latex/graphics/dvipsnam.def
File: dvipsnam.def 1999/02/16 v3.0i Driver-dependant file (DPC,SPQR)
))
(/afs/cs/project/ics2/decls-handout.tex
\c@prob=\count87
) (/afs/cs/project/ics2/decls-common.tex
\c@codelineno=\count88
) (/afs/cs/project/ics2/data/data-defs.tex)
(/afs/cs/project/ics2/asm/asm-defs.tex)
(/afs/cs/project/ics2/arch/arch-defs.tex) (./simguide.aux
(/afs/cs/project/ics2/book/book.aux))
\openout1 = `simguide.aux'.

LaTeX Font Info:    Checking defaults for OML/cmm/m/it on input line 16.
LaTeX Font Info:    ... okay on input line 16.
LaTeX Font Info:    Checking defaults for T1/cmr/m/n on input line 16.
LaTeX Font Info:    ... okay on input line 16.
LaTeX Font Info:    Checking defaults for OT1/cmr/m/n on input line 16.
LaTeX Font Info:    ... okay on input line 16.
LaTeX Font Info:    Checking defaults for OMS/cmsy/m/n on input line 16.
LaTeX Font Info:    ... okay on input line 16.
LaTeX Font Info:    Checking defaults for OMX/cmex/m/n on input line 16.
LaTeX Font Info:    ... okay on input line 16.
LaTeX Font Info:    Checking defaults for U/cmr/m/n on input line 16.
LaTeX Font Info:    ... okay on input line 16.
LaTeX Font Info:    Try loading font information for OT1+ptm on input line 16.

(/usr/share/texmf-texlive/tex/latex/psnfss/ot1ptm.fd
File: ot1ptm.fd 2001/06/04 font definitions for OT1/ptm.
)
LaTeX Font Info:    External font `cmex10' loaded for size
(Font)              <17.28> on input line 28.
LaTeX Font Info:    External font `cmex10' loaded for size
(Font)              <12> on input line 28.
LaTeX Font Info:    External font `cmex10' loaded for size
(Font)              <8> on input line 28.
LaTeX Font Info:    External font `cmex10' loaded for size
(Font)              <6> on input line 28.
File: /afs/cs/project/ics2/arch/pipe-full.eps Graphic file (type eps)

</afs/cs/project/ics2/arch/pipe-full.eps>
LaTeX Font Info:    External font `cmex10' loaded for size
(Font)              <9> on input line 28.
LaTeX Font Info:    External font `cmex10' loaded for size
(Font)              <5> on input line 28.
LaTeX Font Info:    Try loading font information for OMS+ptm on input line 28.

(/usr/share/texmf-texlive/tex/latex/psnfss/omsptm.fd
File: omsptm.fd 
)
LaTeX Font Info:    Font shape `OMS/ptm/m/n' in size <9> not available
(Font)              Font shape `OMS/cmsy/m/n' tried instead on input line 28.
 [1

]
LaTeX Font Info:    Font shape `OT1/ptm/bx/n' in size <14.4> not available
(Font)              Font shape `OT1/ptm/b/n' tried instead on input line 39.
LaTeX Font Info:    Try loading font information for OT1+pcr on input line 42.

(/usr/share/texmf-texlive/tex/latex/psnfss/ot1pcr.fd
File: ot1pcr.fd 2001/06/04 font definitions for OT1/pcr.
)
LaTeX Font Info:    Font shape `OT1/pcr/m/it' in size <10> not available
(Font)              Font shape `OT1/pcr/m/sl' tried instead on input line 49.
LaTeX Font Info:    Font shape `OT1/ptm/bx/n' in size <10.95> not available
(Font)              Font shape `OT1/ptm/b/n' tried instead on input line 65.
LaTeX Font Info:    Font shape `OT1/pcr/bx/n' in size <10.95> not available
(Font)              Font shape `OT1/pcr/b/n' tried instead on input line 65.
 (./code-yso.tex
Overfull \hbox (24.20001pt too wide) in paragraph at lines 4--4
[]   \OT1/pcr/m/n/8 3   \OT1/pcr/m/n/10 0x000: 30f400010000 | init:   irmovl St
ack, %esp      # Set up stack pointer[] 
 []


Overfull \hbox (18.20001pt too wide) in paragraph at lines 5--5
[]   \OT1/pcr/m/n/8 4   \OT1/pcr/m/n/10 0x006: 30f500010000 |         irmovl St
ack, %ebp      # Set up base pointer[] 
 []


Overfull \hbox (24.20001pt too wide) in paragraph at lines 6--6
[]   \OT1/pcr/m/n/8 5   \OT1/pcr/m/n/10 0x00c: 8024000000   |         call Main
               # Execute main program[] 
 []


Overfull \hbox (6.20001pt too wide) in paragraph at lines 7--7
[]   \OT1/pcr/m/n/8 6   \OT1/pcr/m/n/10 0x011: 00           |         halt     
               # Terminate program[] 
 []


Overfull \hbox (18.20001pt too wide) in paragraph at lines 33--33
[]  \OT1/pcr/m/n/8 32   \OT1/pcr/m/n/10 0x054: 6222         |         andl   %e
dx,%edx        # Set condition codes[] 
 []


Overfull \hbox (12.20001pt too wide) in paragraph at lines 46--46
[]  \OT1/pcr/m/n/8 45                       \OT1/pcr/m/n/10 | # The stack start
s here and grows to lower addresses[] 
 []

)
LaTeX Font Info:    Try loading font information for OT1+phv on input line 113.

 (/usr/share/texmf-texlive/tex/latex/psnfss/ot1phv.fd
File: ot1phv.fd 2001/06/04 scalable font definitions for OT1/phv.
)
LaTeX Font Info:    Font shape `OT1/phv/bx/n' in size <10> not available
(Font)              Font shape `OT1/phv/b/n' tried instead on input line 113.
LaTeX Font Info:    Font shape `OT1/ptm/bx/sc' in size <10.95> not available
(Font)              Font shape `OT1/ptm/b/sc' tried instead on input line 123.
 [2

] [3]
LaTeX Font Info:    Font shape `OT1/ptm/bx/n' in size <12> not available
(Font)              Font shape `OT1/ptm/b/n' tried instead on input line 173.
LaTeX Font Info:    External font `cmex10' loaded for size
(Font)              <10.95> on input line 193.
 [4]
File: seq-cntl.eps Graphic file (type eps)

<seq-cntl.eps>
File: seq-code.eps Graphic file (type eps)
 <seq-code.eps>
File: pipe-mem.eps Graphic file (type eps)
 <pipe-mem.eps> [5] [6] [7] [8]
File: seq+-cntl.eps Graphic file (type eps)
 <seq+-cntl.eps>
File: pipe-cntl.eps Graphic file (type eps)

<pipe-cntl.eps>
File: pipe-register.eps Graphic file (type eps)
 <pipe-register.eps>
File: pipe-code.eps Graphic file (type eps)
 <pipe-code.eps> [9] [10] [11] [12]
LaTeX Font Info:    Font shape `OMS/ptm/m/n' in size <10.95> not available
(Font)              Font shape `OMS/cmsy/m/n' tried instead on input line 509.

Overfull \hbox (9.0289pt too wide) in paragraph at lines 509--514
[]\OT1/ptm/m/it/10.95 Get fa-mil-iar with the sim-u-la-tor op-er-a-tion. \OT1/p
tm/m/n/10.95 Try run-ning some of the ex-am-ple pro-grams in the \OT1/pcr/m/n/1
0.95 y86-code
 []

[13]
LaTeX Font Info:    Font shape `OT1/phv/bx/n' in size <10.95> not available
(Font)              Font shape `OT1/phv/b/n' tried instead on input line 524.
 [14] (./simguide.aux (/afs/cs/project/ics2/book/book.aux)) ) 
Here is how much of TeX's memory you used:
 2878 strings out of 495062
 49307 string characters out of 1182644
 94552 words of memory out of 3000000
 6037 multiletter control sequences out of 15000+50000
 19480 words of font info for 54 fonts, out of 3000000 for 9000
 28 hyphenation exceptions out of 8191
 30i,6n,21p,286b,320s stack positions out of 5000i,500n,10000p,200000b,50000s

Output written on simguide.dvi (14 pages, 35092 bytes).
